# JRE version: Java(TM) SE Runtime Environment (8.0_112-b15) (build 1.8.0_112-b15)
# Java VM: Java HotSpot(TM) 64-Bit Server VM (25.112-b15 mixed mode windows-amd64 compressed oops)
Heap:
 PSYoungGen      total 110592K, used 87158K [0x00000000eab00000, 0x00000000f2680000, 0x0000000100000000)
  eden space 98816K, 76% used [0x00000000eab00000,0x00000000ef4da9f0,0x00000000f0b80000)
  from space 11776K, 97% used [0x00000000f1b00000,0x00000000f2642f40,0x00000000f2680000)
  to   space 13824K, 0% used [0x00000000f0b80000,0x00000000f0b80000,0x00000000f1900000)
 ParOldGen       total 61952K, used 23668K [0x00000000c0000000, 0x00000000c3c80000, 0x00000000eab00000)
  object space 61952K, 38% used [0x00000000c0000000,0x00000000c171d3b0,0x00000000c3c80000)
 Metaspace       used 51942K, capacity 54206K, committed 55808K, reserved 1097728K
  class space    used 6779K, capacity 7085K, committed 7424K, reserved 1048576K
GC Heap History (10 events):
Event: 3891.354 GC heap before
{Heap before GC invocations=45 (full 8):
 PSYoungGen      total 120832K, used 109996K [0x00000000eab00000, 0x00000000f2d80000, 0x0000000100000000)
  eden space 110080K, 99% used [0x00000000eab00000,0x00000000f166b0b8,0x00000000f1680000)
  from space 10752K, 0% used [0x00000000f2300000,0x00000000f2300000,0x00000000f2d80000)
  to   space 11776K, 0% used [0x00000000f1680000,0x00000000f1680000,0x00000000f2200000)
 ParOldGen       total 61952K, used 31420K [0x00000000c0000000, 0x00000000c3c80000, 0x00000000eab00000)
  object space 61952K, 50% used [0x00000000c0000000,0x00000000c1eaf268,0x00000000c3c80000)
 Metaspace       used 51591K, capacity 54568K, committed 54656K, reserved 1097728K
  class space    used 6841K, capacity 7256K, committed 7296K, reserved 1048576K
Event: 3891.377 GC heap after
Heap after GC invocations=45 (full 8):
 PSYoungGen      total 111616K, used 5259K [0x00000000eab00000, 0x00000000f2880000, 0x0000000100000000)
  eden space 105984K, 0% used [0x00000000eab00000,0x00000000eab00000,0x00000000f1280000)
  from space 5632K, 93% used [0x00000000f1680000,0x00000000f1ba2f40,0x00000000f1c00000)
  to   space 11264K, 0% used [0x00000000f1d80000,0x00000000f1d80000,0x00000000f2880000)
 ParOldGen       total 61952K, used 31428K [0x00000000c0000000, 0x00000000c3c80000, 0x00000000eab00000)
  object space 61952K, 50% used [0x00000000c0000000,0x00000000c1eb1268,0x00000000c3c80000)
 Metaspace       used 51591K, capacity 54568K, committed 54656K, reserved 1097728K
  class space    used 6841K, capacity 7256K, committed 7296K, reserved 1048576K
}
Event: 3896.087 GC heap before
{Heap before GC invocations=46 (full 8):
 PSYoungGen      total 111616K, used 38059K [0x00000000eab00000, 0x00000000f2880000, 0x0000000100000000)
  eden space 105984K, 30% used [0x00000000eab00000,0x00000000ecb07cc8,0x00000000f1280000)
  from space 5632K, 93% used [0x00000000f1680000,0x00000000f1ba2f40,0x00000000f1c00000)
  to   space 11264K, 0% used [0x00000000f1d80000,0x00000000f1d80000,0x00000000f2880000)
 ParOldGen       total 61952K, used 31428K [0x00000000c0000000, 0x00000000c3c80000, 0x00000000eab00000)
  object space 61952K, 50% used [0x00000000c0000000,0x00000000c1eb1268,0x00000000c3c80000)
 Metaspace       used 51659K, capacity 54574K, committed 54656K, reserved 1097728K
  class space    used 6842K, capacity 7257K, committed 7296K, reserved 1048576K
Event: 3896.091 GC heap after
Heap after GC invocations=46 (full 8):
 PSYoungGen      total 117248K, used 1007K [0x00000000eab00000, 0x00000000f2880000, 0x0000000100000000)
  eden space 105984K, 0% used [0x00000000eab00000,0x00000000eab00000,0x00000000f1280000)
  from space 11264K, 8% used [0x00000000f1d80000,0x00000000f1e7bc40,0x00000000f2880000)
  to   space 11264K, 0% used [0x00000000f1280000,0x00000000f1280000,0x00000000f1d80000)
 ParOldGen       total 61952K, used 31428K [0x00000000c0000000, 0x00000000c3c80000, 0x00000000eab00000)
  object space 61952K, 50% used [0x00000000c0000000,0x00000000c1eb1268,0x00000000c3c80000)
 Metaspace       used 51659K, capacity 54574K, committed 54656K, reserved 1097728K
  class space    used 6842K, capacity 7257K, committed 7296K, reserved 1048576K
}
Event: 3896.091 GC heap before
{Heap before GC invocations=47 (full 9):
 PSYoungGen      total 117248K, used 1007K [0x00000000eab00000, 0x00000000f2880000, 0x0000000100000000)
  eden space 105984K, 0% used [0x00000000eab00000,0x00000000eab00000,0x00000000f1280000)
  from space 11264K, 8% used [0x00000000f1d80000,0x00000000f1e7bc40,0x00000000f2880000)
  to   space 11264K, 0% used [0x00000000f1280000,0x00000000f1280000,0x00000000f1d80000)
 ParOldGen       total 61952K, used 31428K [0x00000000c0000000, 0x00000000c3c80000, 0x00000000eab00000)
  object space 61952K, 50% used [0x00000000c0000000,0x00000000c1eb1268,0x00000000c3c80000)
 Metaspace       used 51659K, capacity 54574K, committed 54656K, reserved 1097728K
  class space    used 6842K, capacity 7257K, committed 7296K, reserved 1048576K
Event: 3896.802 GC heap after
Heap after GC invocations=47 (full 9):
 PSYoungGen      total 117248K, used 0K [0x00000000eab00000, 0x00000000f2880000, 0x0000000100000000)
  eden space 105984K, 0% used [0x00000000eab00000,0x00000000eab00000,0x00000000f1280000)
  from space 11264K, 0% used [0x00000000f1d80000,0x00000000f1d80000,0x00000000f2880000)
  to   space 11264K, 0% used [0x00000000f1280000,0x00000000f1280000,0x00000000f1d80000)
 ParOldGen       total 61952K, used 23652K [0x00000000c0000000, 0x00000000c3c80000, 0x00000000eab00000)
  object space 61952K, 38% used [0x00000000c0000000,0x00000000c17193b0,0x00000000c3c80000)
 Metaspace       used 50746K, capacity 52640K, committed 54656K, reserved 1097728K
  class space    used 6639K, capacity 6904K, committed 7296K, reserved 1048576K
}
Event: 7320.391 GC heap before
{Heap before GC invocations=48 (full 9):
 PSYoungGen      total 117248K, used 105984K [0x00000000eab00000, 0x00000000f2880000, 0x0000000100000000)
  eden space 105984K, 100% used [0x00000000eab00000,0x00000000f1280000,0x00000000f1280000)
  from space 11264K, 0% used [0x00000000f1d80000,0x00000000f1d80000,0x00000000f2880000)
  to   space 11264K, 0% used [0x00000000f1280000,0x00000000f1280000,0x00000000f1d80000)
 ParOldGen       total 61952K, used 23652K [0x00000000c0000000, 0x00000000c3c80000, 0x00000000eab00000)
  object space 61952K, 38% used [0x00000000c0000000,0x00000000c17193b0,0x00000000c3c80000)
 Metaspace       used 51097K, capacity 53312K, committed 54912K, reserved 1097728K
  class space    used 6700K, capacity 6995K, committed 7296K, reserved 1048576K
Event: 7320.495 GC heap after
Heap after GC invocations=48 (full 9):
 PSYoungGen      total 111104K, used 8251K [0x00000000eab00000, 0x00000000f2700000, 0x0000000100000000)
  eden space 102400K, 0% used [0x00000000eab00000,0x00000000eab00000,0x00000000f0f00000)
  from space 8704K, 94% used [0x00000000f1280000,0x00000000f1a8ef50,0x00000000f1b00000)
  to   space 12288K, 0% used [0x00000000f1b00000,0x00000000f1b00000,0x00000000f2700000)
 ParOldGen       total 61952K, used 23660K [0x00000000c0000000, 0x00000000c3c80000, 0x00000000eab00000)
  object space 61952K, 38% used [0x00000000c0000000,0x00000000c171b3b0,0x00000000c3c80000)
 Metaspace       used 51097K, capacity 53312K, committed 54912K, reserved 1097728K
  class space    used 6700K, capacity 6995K, committed 7296K, reserved 1048576K
}
Event: 7324.103 GC heap before
{Heap before GC invocations=49 (full 9):
 PSYoungGen      total 111104K, used 110651K [0x00000000eab00000, 0x00000000f2700000, 0x0000000100000000)
  eden space 102400K, 100% used [0x00000000eab00000,0x00000000f0f00000,0x00000000f0f00000)
  from space 8704K, 94% used [0x00000000f1280000,0x00000000f1a8ef50,0x00000000f1b00000)
  to   space 12288K, 0% used [0x00000000f1b00000,0x00000000f1b00000,0x00000000f2700000)
 ParOldGen       total 61952K, used 23660K [0x00000000c0000000, 0x00000000c3c80000, 0x00000000eab00000)
  object space 61952K, 38% used [0x00000000c0000000,0x00000000c171b3b0,0x00000000c3c80000)
 Metaspace       used 51308K, capacity 53586K, committed 55168K, reserved 1097728K
  class space    used 6742K, capacity 7051K, committed 7296K, reserved 1048576K
Event: 7324.159 GC heap after
Heap after GC invocations=49 (full 9):
 PSYoungGen      total 110592K, used 11531K [0x00000000eab00000, 0x00000000f2680000, 0x0000000100000000)
  eden space 98816K, 0% used [0x00000000eab00000,0x00000000eab00000,0x00000000f0b80000)
  from space 11776K, 97% used [0x00000000f1b00000,0x00000000f2642f40,0x00000000f2680000)
  to   space 13824K, 0% used [0x00000000f0b80000,0x00000000f0b80000,0x00000000f1900000)
 ParOldGen       total 61952K, used 23668K [0x00000000c0000000, 0x00000000c3c80000, 0x00000000eab00000)
  object space 61952K, 38% used [0x00000000c0000000,0x00000000c171d3b0,0x00000000c3c80000)
 Metaspace       used 51308K, capacity 53586K, committed 55168K, reserved 1097728K
  class space    used 6742K, capacity 7051K, committed 7296K, reserved 1048576K
}

